{"name": "test_prodlist", "status": "broken", "statusDetails": {"message": "selenium.common.exceptions.InvalidSelectorException: Message: invalid selector: Unable to locate an element with the xpath expression \"//div[@class='_3pLy-c row']\" because of the following error:\nTypeError: Failed to execute 'evaluate' on 'Document': The result is not a node set, and therefore cannot be converted to the desired type.\n  (Session info: chrome=99.0.4844.51)\nStacktrace:\nBacktrace:\n\tOrdinal0 [0x004C9943+2595139]\n\tOrdinal0 [0x0045C9F1+2148849]\n\tOrdinal0 [0x00354528+1066280]\n\tOrdinal0 [0x00356E04+1076740]\n\tOrdinal0 [0x00356CBE+1076414]\n\tOrdinal0 [0x00356F50+1077072]\n\tOrdinal0 [0x00380D1E+1248542]\n\tOrdinal0 [0x003811CB+1249739]\n\tOrdinal0 [0x003AD84C+1431628]\n\tOrdinal0 [0x0039BA34+1358388]\n\tOrdinal0 [0x003ABAF2+1424114]\n\tOrdinal0 [0x0039B806+1357830]\n\tOrdinal0 [0x00376086+1204358]\n\tOrdinal0 [0x00376F96+1208214]\n\tGetHandleVerifier [0x0066B232+1658114]\n\tGetHandleVerifier [0x0072312C+2411516]\n\tGetHandleVerifier [0x0055F261+560433]\n\tGetHandleVerifier [0x0055E366+556598]\n\tOrdinal0 [0x0046286B+2173035]\n\tOrdinal0 [0x004675F8+2192888]\n\tOrdinal0 [0x004676E5+2193125]\n\tOrdinal0 [0x004711FC+2232828]\n\tBaseThreadInitThunk [0x7661FA29+25]\n\tRtlGetAppContainerNamedObjectPath [0x77C07A9E+286]\n\tRtlGetAppContainerNamedObjectPath [0x77C07A6E+238]", "trace": "def test_prodlist():\n        #h=driver1.find_element(By.XPATH, WebReader.getlocator(\"prodlistheader\")).text\n        h = \"Showing 1 â€“ 24 of 237 results for 'iphone 12'\"\n        print(h[7:14])\n        d = h[7:14]\n        c = d.strip()\n        print(c)\n        x = re.findall(\"[0-9]+\", c)\n        print(x)\n        print(\"number of items in a header: \"+x[1])\n        m=x[1]\n>       s=driver1.find_elements(By.XPATH, WebReader.getlocator(\"prodlist\"))\n\nPYTESTMODULES\\test_flip.py:101: \n_ _ _ _ _ _ _ _ _ _ _ _ _ _ _ _ _ _ _ _ _ _ _ _ _ _ _ _ _ _ _ _ _ _ _ _ _ _ _ _ _ _ _ _ _ _ _ _ _ _ _ _ _ _ _ _ _ _ _ _ _ _ _ _ _ _ _ _ _ _ _ _ _ _ _ _ _ \nvenv\\lib\\site-packages\\selenium\\webdriver\\remote\\webdriver.py:1279: in find_elements\n    return self.execute(Command.FIND_ELEMENTS, {\nvenv\\lib\\site-packages\\selenium\\webdriver\\remote\\webdriver.py:424: in execute\n    self.error_handler.check_response(response)\n_ _ _ _ _ _ _ _ _ _ _ _ _ _ _ _ _ _ _ _ _ _ _ _ _ _ _ _ _ _ _ _ _ _ _ _ _ _ _ _ _ _ _ _ _ _ _ _ _ _ _ _ _ _ _ _ _ _ _ _ _ _ _ _ _ _ _ _ _ _ _ _ _ _ _ _ _ \n\nself = <selenium.webdriver.remote.errorhandler.ErrorHandler object at 0x000002130AC87220>\nresponse = {'status': 400, 'value': '{\"value\":{\"error\":\"invalid selector\",\"message\":\"invalid selector: Unable to locate an elemen...\\n\\\\tRtlGetAppContainerNamedObjectPath [0x77C07A9E+286]\\\\n\\\\tRtlGetAppContainerNamedObjectPath [0x77C07A6E+238]\\\\n\"}}'}\n\n    def check_response(self, response: Dict[str, Any]) -> None:\n        \"\"\"\n        Checks that a JSON response from the WebDriver does not have an error.\n    \n        :Args:\n         - response - The JSON response from the WebDriver server as a dictionary\n           object.\n    \n        :Raises: If the response contains an error message.\n        \"\"\"\n        status = response.get('status', None)\n        if not status or status == ErrorCode.SUCCESS:\n            return\n        value = None\n        message = response.get(\"message\", \"\")\n        screen: str = response.get(\"screen\", \"\")\n        stacktrace = None\n        if isinstance(status, int):\n            value_json = response.get('value', None)\n            if value_json and isinstance(value_json, str):\n                import json\n                try:\n                    value = json.loads(value_json)\n                    if len(value.keys()) == 1:\n                        value = value['value']\n                    status = value.get('error', None)\n                    if not status:\n                        status = value.get(\"status\", ErrorCode.UNKNOWN_ERROR)\n                        message = value.get(\"value\") or value.get(\"message\")\n                        if not isinstance(message, str):\n                            value = message\n                            message = message.get('message')\n                    else:\n                        message = value.get('message', None)\n                except ValueError:\n                    pass\n    \n        exception_class: Type[WebDriverException]\n        if status in ErrorCode.NO_SUCH_ELEMENT:\n            exception_class = NoSuchElementException\n        elif status in ErrorCode.NO_SUCH_FRAME:\n            exception_class = NoSuchFrameException\n        elif status in ErrorCode.NO_SUCH_SHADOW_ROOT:\n            exception_class = NoSuchShadowRootException\n        elif status in ErrorCode.NO_SUCH_WINDOW:\n            exception_class = NoSuchWindowException\n        elif status in ErrorCode.STALE_ELEMENT_REFERENCE:\n            exception_class = StaleElementReferenceException\n        elif status in ErrorCode.ELEMENT_NOT_VISIBLE:\n            exception_class = ElementNotVisibleException\n        elif status in ErrorCode.INVALID_ELEMENT_STATE:\n            exception_class = InvalidElementStateException\n        elif status in ErrorCode.INVALID_SELECTOR \\\n                or status in ErrorCode.INVALID_XPATH_SELECTOR \\\n                or status in ErrorCode.INVALID_XPATH_SELECTOR_RETURN_TYPER:\n            exception_class = InvalidSelectorException\n        elif status in ErrorCode.ELEMENT_IS_NOT_SELECTABLE:\n            exception_class = ElementNotSelectableException\n        elif status in ErrorCode.ELEMENT_NOT_INTERACTABLE:\n            exception_class = ElementNotInteractableException\n        elif status in ErrorCode.INVALID_COOKIE_DOMAIN:\n            exception_class = InvalidCookieDomainException\n        elif status in ErrorCode.UNABLE_TO_SET_COOKIE:\n            exception_class = UnableToSetCookieException\n        elif status in ErrorCode.TIMEOUT:\n            exception_class = TimeoutException\n        elif status in ErrorCode.SCRIPT_TIMEOUT:\n            exception_class = TimeoutException\n        elif status in ErrorCode.UNKNOWN_ERROR:\n            exception_class = WebDriverException\n        elif status in ErrorCode.UNEXPECTED_ALERT_OPEN:\n            exception_class = UnexpectedAlertPresentException\n        elif status in ErrorCode.NO_ALERT_OPEN:\n            exception_class = NoAlertPresentException\n        elif status in ErrorCode.IME_NOT_AVAILABLE:\n            exception_class = ImeNotAvailableException\n        elif status in ErrorCode.IME_ENGINE_ACTIVATION_FAILED:\n            exception_class = ImeActivationFailedException\n        elif status in ErrorCode.MOVE_TARGET_OUT_OF_BOUNDS:\n            exception_class = MoveTargetOutOfBoundsException\n        elif status in ErrorCode.JAVASCRIPT_ERROR:\n            exception_class = JavascriptException\n        elif status in ErrorCode.SESSION_NOT_CREATED:\n            exception_class = SessionNotCreatedException\n        elif status in ErrorCode.INVALID_ARGUMENT:\n            exception_class = InvalidArgumentException\n        elif status in ErrorCode.NO_SUCH_COOKIE:\n            exception_class = NoSuchCookieException\n        elif status in ErrorCode.UNABLE_TO_CAPTURE_SCREEN:\n            exception_class = ScreenshotException\n        elif status in ErrorCode.ELEMENT_CLICK_INTERCEPTED:\n            exception_class = ElementClickInterceptedException\n        elif status in ErrorCode.INSECURE_CERTIFICATE:\n            exception_class = InsecureCertificateException\n        elif status in ErrorCode.INVALID_COORDINATES:\n            exception_class = InvalidCoordinatesException\n        elif status in ErrorCode.INVALID_SESSION_ID:\n            exception_class = InvalidSessionIdException\n        elif status in ErrorCode.UNKNOWN_METHOD:\n            exception_class = UnknownMethodException\n        else:\n            exception_class = WebDriverException\n        if not value:\n            value = response['value']\n        if isinstance(value, str):\n            raise exception_class(value)\n        if message == \"\" and 'message' in value:\n            message = value['message']\n    \n        screen = None  # type: ignore[assignment]\n        if 'screen' in value:\n            screen = value['screen']\n    \n        stacktrace = None\n        st_value = value.get('stackTrace') or value.get('stacktrace')\n        if st_value:\n            if isinstance(st_value, str):\n                stacktrace = st_value.split('\\n')\n            else:\n                stacktrace = []\n                try:\n                    for frame in st_value:\n                        line = self._value_or_default(frame, 'lineNumber', '')\n                        file = self._value_or_default(frame, 'fileName', '<anonymous>')\n                        if line:\n                            file = \"%s:%s\" % (file, line)\n                        meth = self._value_or_default(frame, 'methodName', '<anonymous>')\n                        if 'className' in frame:\n                            meth = \"%s.%s\" % (frame['className'], meth)\n                        msg = \"    at %s (%s)\"\n                        msg = msg % (meth, file)\n                        stacktrace.append(msg)\n                except TypeError:\n                    pass\n        if exception_class == UnexpectedAlertPresentException:\n            alert_text = None\n            if 'data' in value:\n                alert_text = value['data'].get('text')\n            elif 'alert' in value:\n                alert_text = value['alert'].get('text')\n            raise exception_class(message, screen, stacktrace, alert_text)  # type: ignore[call-arg]  # mypy is not smart enough here\n>       raise exception_class(message, screen, stacktrace)\nE       selenium.common.exceptions.InvalidSelectorException: Message: invalid selector: Unable to locate an element with the xpath expression \"//div[@class='_3pLy-c row']\" because of the following error:\nE       TypeError: Failed to execute 'evaluate' on 'Document': The result is not a node set, and therefore cannot be converted to the desired type.\nE         (Session info: chrome=99.0.4844.51)\nE       Stacktrace:\nE       Backtrace:\nE       \tOrdinal0 [0x004C9943+2595139]\nE       \tOrdinal0 [0x0045C9F1+2148849]\nE       \tOrdinal0 [0x00354528+1066280]\nE       \tOrdinal0 [0x00356E04+1076740]\nE       \tOrdinal0 [0x00356CBE+1076414]\nE       \tOrdinal0 [0x00356F50+1077072]\nE       \tOrdinal0 [0x00380D1E+1248542]\nE       \tOrdinal0 [0x003811CB+1249739]\nE       \tOrdinal0 [0x003AD84C+1431628]\nE       \tOrdinal0 [0x0039BA34+1358388]\nE       \tOrdinal0 [0x003ABAF2+1424114]\nE       \tOrdinal0 [0x0039B806+1357830]\nE       \tOrdinal0 [0x00376086+1204358]\nE       \tOrdinal0 [0x00376F96+1208214]\nE       \tGetHandleVerifier [0x0066B232+1658114]\nE       \tGetHandleVerifier [0x0072312C+2411516]\nE       \tGetHandleVerifier [0x0055F261+560433]\nE       \tGetHandleVerifier [0x0055E366+556598]\nE       \tOrdinal0 [0x0046286B+2173035]\nE       \tOrdinal0 [0x004675F8+2192888]\nE       \tOrdinal0 [0x004676E5+2193125]\nE       \tOrdinal0 [0x004711FC+2232828]\nE       \tBaseThreadInitThunk [0x7661FA29+25]\nE       \tRtlGetAppContainerNamedObjectPath [0x77C07A9E+286]\nE       \tRtlGetAppContainerNamedObjectPath [0x77C07A6E+238]\n\nvenv\\lib\\site-packages\\selenium\\webdriver\\remote\\errorhandler.py:247: InvalidSelectorException"}, "start": 1647237367851, "stop": 1647237367869, "uuid": "11845e40-db22-499a-bb55-b7dd710c0703", "historyId": "308c42386c02287038b60bc579ae443e", "testCaseId": "ba7e3681411156b285122c50387ff260", "fullName": "PYTESTMODULES.test_flip#test_prodlist", "labels": [{"name": "parentSuite", "value": "PYTESTMODULES"}, {"name": "suite", "value": "test_flip"}, {"name": "host", "value": "ESLLAP-3200"}, {"name": "thread", "value": "23696-MainThread"}, {"name": "framework", "value": "pytest"}, {"name": "language", "value": "cpython3"}, {"name": "package", "value": "PYTESTMODULES.test_flip"}]}